<?xml version="1.0" encoding="UTF-8"?>
<!-- Generated by org.testng.reporters.JUnitXMLReporter -->
<testsuite hostname="LAPTOP-CLOFSUPE" ignored="0" name="Regression Suite" tests="29" failures="3" timestamp="2021-04-27T07:52:07 IST" time="0.129" errors="0">
  <testcase name="logInTest" time="0.005" classname="TestNGAnnotations.TestNGDependsOnMethods">
    <failure type="java.lang.ArithmeticException" message="/ by zero">
      <![CDATA[java.lang.ArithmeticException: / by zero
at TestNGAnnotations.TestNGDependsOnMethods.logInTest(TestNGDependsOnMethods.java:12)
at java.util.ArrayList.forEach(Unknown Source)
... Removed 27 stack frames]]>
    </failure>
  </testcase> <!-- logInTest -->
  <testcase name="homePageTest" time="0.0" classname="TestNGAnnotations.TestNGDependsOnMethods">
    <skipped/>
  </testcase> <!-- homePageTest -->
  <testcase name="test" time="0.0" classname="TestNGAnnotations.TestNGDiffAnno"/>
  <testcase name="test1" time="0.001" classname="TestNGAnnotations.TestNGDiffAnno2"/>
  <testcase name="test2" time="0.001" classname="TestNGAnnotations.TestNGDiffAnno2"/>
  <testcase name="test3" time="0.001" classname="TestNGAnnotations.TestNGDiffAnno2"/>
  <testcase name="test1" time="0.001" classname="TestNGAnnotations.TestNGDiffAnnoWithAsserts"/>
  <testcase name="test2" time="0.001" classname="TestNGAnnotations.TestNGDiffAnnoWithAsserts"/>
  <testcase name="test3" time="0.001" classname="TestNGAnnotations.TestNGDiffAnnoWithAsserts"/>
  <testcase name="test4" time="0.004" classname="TestNGAnnotations.TestNGDiffAnnoWithAsserts"/>
  <testcase name="test2" time="0.0" classname="TestNGAnnotations.TestNGDiffAnnoWithGroupTestCases"/>
  <testcase name="test1" time="0.001" classname="TestNGAnnotations.TestNGDiffAnnoWithGroupTestCases"/>
  <testcase name="test3" time="0.001" classname="TestNGAnnotations.TestNGDiffAnnoWithGroupTestCases"/>
  <testcase name="test2" time="0.0" classname="TestNGAnnotations.TestNGDiffAnnoWithPriority"/>
  <testcase name="test1" time="0.001" classname="TestNGAnnotations.TestNGDiffAnnoWithPriority"/>
  <testcase name="test3" time="0.0" classname="TestNGAnnotations.TestNGDiffAnnoWithPriority"/>
  <testcase name="expectedExceptions" time="0.0" classname="TestNGAnnotations.TestNGExpectedException">
    <failure type="java.lang.NumberFormatException" message="For input string: &amp;quot;abdul&amp;quot;">
      <![CDATA[java.lang.NumberFormatException: For input string: "abdul"
at java.lang.NumberFormatException.forInputString(Unknown Source)
at java.lang.Integer.parseInt(Unknown Source)
at java.lang.Integer.parseInt(Unknown Source)
at TestNGAnnotations.TestNGExpectedException.expectedExceptions(TestNGExpectedException.java:13)
at java.util.ArrayList.forEach(Unknown Source)
... Removed 27 stack frames]]>
    </failure>
  </testcase> <!-- expectedExceptions -->
  <testcase name="expectedExceptions2" time="0.001" classname="TestNGAnnotations.TestNGExpectedException"/>
  <testcase name="sum" time="0.0" classname="TestNGAnnotations.TestNGInvocationCountTest"/>
  <testcase name="sum" time="0.0" classname="TestNGAnnotations.TestNGInvocationCountTest"/>
  <testcase name="sum" time="0.001" classname="TestNGAnnotations.TestNGInvocationCountTest"/>
  <testcase name="sum" time="0.001" classname="TestNGAnnotations.TestNGInvocationCountTest"/>
  <testcase name="sum" time="0.001" classname="TestNGAnnotations.TestNGInvocationCountTest"/>
  <testcase name="sum" time="0.001" classname="TestNGAnnotations.TestNGInvocationCountTest"/>
  <testcase name="sum" time="0.0" classname="TestNGAnnotations.TestNGInvocationCountTest"/>
  <testcase name="sum" time="0.001" classname="TestNGAnnotations.TestNGInvocationCountTest"/>
  <testcase name="sum" time="0.0" classname="TestNGAnnotations.TestNGInvocationCountTest"/>
  <testcase name="sum" time="0.001" classname="TestNGAnnotations.TestNGInvocationCountTest"/>
  <testcase name="infiniteLoopTest" time="0.022" classname="TestNGAnnotations.TestNGInvocationTimeOutTest">
    <failure type="org.testng.internal.thread.ThreadTimeoutException" message="Method TestNGAnnotations.TestNGInvocationTimeOutTest.infiniteLoopTest() didn&amp;apos;t finish within the time-out 2">
      <![CDATA[org.testng.internal.thread.ThreadTimeoutException: Method TestNGAnnotations.TestNGInvocationTimeOutTest.infiniteLoopTest() didn't finish within the time-out 2
at java.util.ArrayList.forEach(Unknown Source)
... Removed 24 stack frames]]>
    </failure>
  </testcase> <!-- infiniteLoopTest -->
</testsuite> <!-- Regression Suite -->
