<html>
<head>
<title>TestNG:  Regression Suite</title>
<link href="../testng.css" rel="stylesheet" type="text/css" />
<link href="../my-testng.css" rel="stylesheet" type="text/css" />

<style type="text/css">
.log { display: none;} 
.stack-trace { display: none;} 
</style>
<script type="text/javascript">
<!--
function flip(e) {
  current = e.style.display;
  if (current == 'block') {
    e.style.display = 'none';
    return 0;
  }
  else {
    e.style.display = 'block';
    return 1;
  }
}

function toggleBox(szDivId, elem, msg1, msg2)
{
  var res = -1;  if (document.getElementById) {
    res = flip(document.getElementById(szDivId));
  }
  else if (document.all) {
    // this is the way old msie versions work
    res = flip(document.all[szDivId]);
  }
  if(elem) {
    if(res == 0) elem.innerHTML = msg1; else elem.innerHTML = msg2;
  }

}

function toggleAllBoxes() {
  if (document.getElementsByTagName) {
    d = document.getElementsByTagName('div');
    for (i = 0; i < d.length; i++) {
      if (d[i].className == 'log') {
        flip(d[i]);
      }
    }
  }
}

// -->
</script>

</head>
<body>
<h2 align='center'>Regression Suite</h2><table border='1' align="center">
<tr>
<td>Tests passed/Failed/Skipped:</td><td>25/3/1</td>
</tr><tr>
<td>Started on:</td><td>Tue Apr 27 07:52:06 IST 2021</td>
</tr>
<tr><td>Total time:</td><td>0 seconds (129 ms)</td>
</tr><tr>
<td>Included groups:</td><td></td>
</tr><tr>
<td>Excluded groups:</td><td></td>
</tr>
</table><p/>
<small><i>(Hover the method name to see the test class name)</i></small><p/>
<table width='100%' border='1' class='invocation-failed'>
<tr><td colspan='4' align='center'><b>FAILED TESTS</b></td></tr>
<tr><td><b>Test method</b></td>
<td width="30%"><b>Exception</b></td>
<td width="10%"><b>Time (seconds)</b></td>
<td><b>Instance</b></td>
</tr>
<tr>
<td title='TestNGAnnotations.TestNGExpectedException.expectedExceptions()'><b>expectedExceptions</b><br>Test class: TestNGAnnotations.TestNGExpectedException</td>
<td><div><pre>java.lang.NumberFormatException: For input string: &quot;abdul&quot;
	at java.lang.NumberFormatException.forInputString(Unknown Source)
	at java.lang.Integer.parseInt(Unknown Source)
	at java.lang.Integer.parseInt(Unknown Source)
	at TestNGAnnotations.TestNGExpectedException.expectedExceptions(TestNGExpectedException.java:13)
	at java.util.ArrayList.forEach(Unknown Source)
... Removed 27 stack frames</pre></div><a href='#' onClick='toggleBox("stack-trace1832580921", this, "Click to show all stack frames", "Click to hide stack frames")'>Click to show all stack frames</a>
<div class='stack-trace' id='stack-trace1832580921'><pre>java.lang.NumberFormatException: For input string: &quot;abdul&quot;
	at java.lang.NumberFormatException.forInputString(Unknown Source)
	at java.lang.Integer.parseInt(Unknown Source)
	at java.lang.Integer.parseInt(Unknown Source)
	at TestNGAnnotations.TestNGExpectedException.expectedExceptions(TestNGExpectedException.java:13)
	at sun.reflect.NativeMethodAccessorImpl.invoke0(Native Method)
	at sun.reflect.NativeMethodAccessorImpl.invoke(Unknown Source)
	at sun.reflect.DelegatingMethodAccessorImpl.invoke(Unknown Source)
	at java.lang.reflect.Method.invoke(Unknown Source)
	at org.testng.internal.MethodInvocationHelper.invokeMethod(MethodInvocationHelper.java:132)
	at org.testng.internal.TestInvoker.invokeMethod(TestInvoker.java:599)
	at org.testng.internal.TestInvoker.invokeTestMethod(TestInvoker.java:174)
	at org.testng.internal.MethodRunner.runInSequence(MethodRunner.java:46)
	at org.testng.internal.TestInvoker$MethodInvocationAgent.invoke(TestInvoker.java:822)
	at org.testng.internal.TestInvoker.invokeTestMethods(TestInvoker.java:147)
	at org.testng.internal.TestMethodWorker.invokeTestMethods(TestMethodWorker.java:146)
	at org.testng.internal.TestMethodWorker.run(TestMethodWorker.java:128)
	at java.util.ArrayList.forEach(Unknown Source)
	at org.testng.TestRunner.privateRun(TestRunner.java:764)
	at org.testng.TestRunner.run(TestRunner.java:585)
	at org.testng.SuiteRunner.runTest(SuiteRunner.java:384)
	at org.testng.SuiteRunner.runSequentially(SuiteRunner.java:378)
	at org.testng.SuiteRunner.privateRun(SuiteRunner.java:337)
	at org.testng.SuiteRunner.run(SuiteRunner.java:286)
	at org.testng.SuiteRunnerWorker.runSuite(SuiteRunnerWorker.java:53)
	at org.testng.SuiteRunnerWorker.run(SuiteRunnerWorker.java:96)
	at org.testng.TestNG.runSuitesSequentially(TestNG.java:1218)
	at org.testng.TestNG.runSuitesLocally(TestNG.java:1140)
	at org.testng.TestNG.runSuites(TestNG.java:1069)
	at org.testng.TestNG.run(TestNG.java:1037)
	at org.testng.remote.AbstractRemoteTestNG.run(AbstractRemoteTestNG.java:115)
	at org.testng.remote.RemoteTestNG.initAndRun(RemoteTestNG.java:251)
	at org.testng.remote.RemoteTestNG.main(RemoteTestNG.java:77)
</pre></div></td>
<td>0</td>
<td>TestNGAnnotations.TestNGExpectedException@3cef309d</td></tr>
<tr>
<td title='TestNGAnnotations.TestNGInvocationTimeOutTest.infiniteLoopTest()'><b>infiniteLoopTest</b><br>Test class: TestNGAnnotations.TestNGInvocationTimeOutTest</td>
<td><div><pre>org.testng.internal.thread.ThreadTimeoutException: Method TestNGAnnotations.TestNGInvocationTimeOutTest.infiniteLoopTest() didn&apos;t finish within the time-out 2
	at java.util.ArrayList.forEach(Unknown Source)
... Removed 24 stack frames</pre></div><a href='#' onClick='toggleBox("stack-trace1411892748", this, "Click to show all stack frames", "Click to hide stack frames")'>Click to show all stack frames</a>
<div class='stack-trace' id='stack-trace1411892748'><pre>org.testng.internal.thread.ThreadTimeoutException: Method TestNGAnnotations.TestNGInvocationTimeOutTest.infiniteLoopTest() didn&apos;t finish within the time-out 2
	at org.testng.internal.MethodInvocationHelper.invokeWithTimeoutWithNewExecutor(MethodInvocationHelper.java:371)
	at org.testng.internal.MethodInvocationHelper.invokeWithTimeout(MethodInvocationHelper.java:282)
	at org.testng.internal.TestInvoker.invokeMethod(TestInvoker.java:605)
	at org.testng.internal.TestInvoker.invokeTestMethod(TestInvoker.java:174)
	at org.testng.internal.MethodRunner.runInSequence(MethodRunner.java:46)
	at org.testng.internal.TestInvoker$MethodInvocationAgent.invoke(TestInvoker.java:822)
	at org.testng.internal.TestInvoker.invokeTestMethods(TestInvoker.java:147)
	at org.testng.internal.TestMethodWorker.invokeTestMethods(TestMethodWorker.java:146)
	at org.testng.internal.TestMethodWorker.run(TestMethodWorker.java:128)
	at java.util.ArrayList.forEach(Unknown Source)
	at org.testng.TestRunner.privateRun(TestRunner.java:764)
	at org.testng.TestRunner.run(TestRunner.java:585)
	at org.testng.SuiteRunner.runTest(SuiteRunner.java:384)
	at org.testng.SuiteRunner.runSequentially(SuiteRunner.java:378)
	at org.testng.SuiteRunner.privateRun(SuiteRunner.java:337)
	at org.testng.SuiteRunner.run(SuiteRunner.java:286)
	at org.testng.SuiteRunnerWorker.runSuite(SuiteRunnerWorker.java:53)
	at org.testng.SuiteRunnerWorker.run(SuiteRunnerWorker.java:96)
	at org.testng.TestNG.runSuitesSequentially(TestNG.java:1218)
	at org.testng.TestNG.runSuitesLocally(TestNG.java:1140)
	at org.testng.TestNG.runSuites(TestNG.java:1069)
	at org.testng.TestNG.run(TestNG.java:1037)
	at org.testng.remote.AbstractRemoteTestNG.run(AbstractRemoteTestNG.java:115)
	at org.testng.remote.RemoteTestNG.initAndRun(RemoteTestNG.java:251)
	at org.testng.remote.RemoteTestNG.main(RemoteTestNG.java:77)
</pre></div></td>
<td>0</td>
<td>TestNGAnnotations.TestNGInvocationTimeOutTest@3d99d22e</td></tr>
<tr>
<td title='TestNGAnnotations.TestNGDependsOnMethods.logInTest()'><b>logInTest</b><br>Test class: TestNGAnnotations.TestNGDependsOnMethods</td>
<td><div><pre>java.lang.ArithmeticException: / by zero
	at TestNGAnnotations.TestNGDependsOnMethods.logInTest(TestNGDependsOnMethods.java:12)
	at java.util.ArrayList.forEach(Unknown Source)
... Removed 27 stack frames</pre></div><a href='#' onClick='toggleBox("stack-trace1682463303", this, "Click to show all stack frames", "Click to hide stack frames")'>Click to show all stack frames</a>
<div class='stack-trace' id='stack-trace1682463303'><pre>java.lang.ArithmeticException: / by zero
	at TestNGAnnotations.TestNGDependsOnMethods.logInTest(TestNGDependsOnMethods.java:12)
	at sun.reflect.NativeMethodAccessorImpl.invoke0(Native Method)
	at sun.reflect.NativeMethodAccessorImpl.invoke(Unknown Source)
	at sun.reflect.DelegatingMethodAccessorImpl.invoke(Unknown Source)
	at java.lang.reflect.Method.invoke(Unknown Source)
	at org.testng.internal.MethodInvocationHelper.invokeMethod(MethodInvocationHelper.java:132)
	at org.testng.internal.TestInvoker.invokeMethod(TestInvoker.java:599)
	at org.testng.internal.TestInvoker.invokeTestMethod(TestInvoker.java:174)
	at org.testng.internal.MethodRunner.runInSequence(MethodRunner.java:46)
	at org.testng.internal.TestInvoker$MethodInvocationAgent.invoke(TestInvoker.java:822)
	at org.testng.internal.TestInvoker.invokeTestMethods(TestInvoker.java:147)
	at org.testng.internal.TestMethodWorker.invokeTestMethods(TestMethodWorker.java:146)
	at org.testng.internal.TestMethodWorker.run(TestMethodWorker.java:128)
	at java.util.ArrayList.forEach(Unknown Source)
	at org.testng.TestRunner.privateRun(TestRunner.java:764)
	at org.testng.TestRunner.run(TestRunner.java:585)
	at org.testng.SuiteRunner.runTest(SuiteRunner.java:384)
	at org.testng.SuiteRunner.runSequentially(SuiteRunner.java:378)
	at org.testng.SuiteRunner.privateRun(SuiteRunner.java:337)
	at org.testng.SuiteRunner.run(SuiteRunner.java:286)
	at org.testng.SuiteRunnerWorker.runSuite(SuiteRunnerWorker.java:53)
	at org.testng.SuiteRunnerWorker.run(SuiteRunnerWorker.java:96)
	at org.testng.TestNG.runSuitesSequentially(TestNG.java:1218)
	at org.testng.TestNG.runSuitesLocally(TestNG.java:1140)
	at org.testng.TestNG.runSuites(TestNG.java:1069)
	at org.testng.TestNG.run(TestNG.java:1037)
	at org.testng.remote.AbstractRemoteTestNG.run(AbstractRemoteTestNG.java:115)
	at org.testng.remote.RemoteTestNG.initAndRun(RemoteTestNG.java:251)
	at org.testng.remote.RemoteTestNG.main(RemoteTestNG.java:77)
</pre></div></td>
<td>0</td>
<td>TestNGAnnotations.TestNGDependsOnMethods@50b494a6</td></tr>
</table><p>
<table width='100%' border='1' class='invocation-passed'>
<tr><td colspan='4' align='center'><b>PASSED TESTS</b></td></tr>
<tr><td><b>Test method</b></td>
<td width="30%"><b>Exception</b></td>
<td width="10%"><b>Time (seconds)</b></td>
<td><b>Instance</b></td>
</tr>
<tr>
<td title='TestNGAnnotations.TestNGExpectedException.expectedExceptions2()'><b>expectedExceptions2</b><br>Test class: TestNGAnnotations.TestNGExpectedException</td>
<td><div><pre>java.lang.NumberFormatException: For input string: &quot;abdul&quot;
	at java.lang.NumberFormatException.forInputString(Unknown Source)
	at java.lang.Integer.parseInt(Unknown Source)
	at java.lang.Integer.parseInt(Unknown Source)
	at TestNGAnnotations.TestNGExpectedException.expectedExceptions2(TestNGExpectedException.java:24)
	at java.util.ArrayList.forEach(Unknown Source)
... Removed 27 stack frames</pre></div><a href='#' onClick='toggleBox("stack-trace369241501", this, "Click to show all stack frames", "Click to hide stack frames")'>Click to show all stack frames</a>
<div class='stack-trace' id='stack-trace369241501'><pre>java.lang.NumberFormatException: For input string: &quot;abdul&quot;
	at java.lang.NumberFormatException.forInputString(Unknown Source)
	at java.lang.Integer.parseInt(Unknown Source)
	at java.lang.Integer.parseInt(Unknown Source)
	at TestNGAnnotations.TestNGExpectedException.expectedExceptions2(TestNGExpectedException.java:24)
	at sun.reflect.NativeMethodAccessorImpl.invoke0(Native Method)
	at sun.reflect.NativeMethodAccessorImpl.invoke(Unknown Source)
	at sun.reflect.DelegatingMethodAccessorImpl.invoke(Unknown Source)
	at java.lang.reflect.Method.invoke(Unknown Source)
	at org.testng.internal.MethodInvocationHelper.invokeMethod(MethodInvocationHelper.java:132)
	at org.testng.internal.TestInvoker.invokeMethod(TestInvoker.java:599)
	at org.testng.internal.TestInvoker.invokeTestMethod(TestInvoker.java:174)
	at org.testng.internal.MethodRunner.runInSequence(MethodRunner.java:46)
	at org.testng.internal.TestInvoker$MethodInvocationAgent.invoke(TestInvoker.java:822)
	at org.testng.internal.TestInvoker.invokeTestMethods(TestInvoker.java:147)
	at org.testng.internal.TestMethodWorker.invokeTestMethods(TestMethodWorker.java:146)
	at org.testng.internal.TestMethodWorker.run(TestMethodWorker.java:128)
	at java.util.ArrayList.forEach(Unknown Source)
	at org.testng.TestRunner.privateRun(TestRunner.java:764)
	at org.testng.TestRunner.run(TestRunner.java:585)
	at org.testng.SuiteRunner.runTest(SuiteRunner.java:384)
	at org.testng.SuiteRunner.runSequentially(SuiteRunner.java:378)
	at org.testng.SuiteRunner.privateRun(SuiteRunner.java:337)
	at org.testng.SuiteRunner.run(SuiteRunner.java:286)
	at org.testng.SuiteRunnerWorker.runSuite(SuiteRunnerWorker.java:53)
	at org.testng.SuiteRunnerWorker.run(SuiteRunnerWorker.java:96)
	at org.testng.TestNG.runSuitesSequentially(TestNG.java:1218)
	at org.testng.TestNG.runSuitesLocally(TestNG.java:1140)
	at org.testng.TestNG.runSuites(TestNG.java:1069)
	at org.testng.TestNG.run(TestNG.java:1037)
	at org.testng.remote.AbstractRemoteTestNG.run(AbstractRemoteTestNG.java:115)
	at org.testng.remote.RemoteTestNG.initAndRun(RemoteTestNG.java:251)
	at org.testng.remote.RemoteTestNG.main(RemoteTestNG.java:77)
</pre></div></td>
<td>0</td>
<td>TestNGAnnotations.TestNGExpectedException@3cef309d</td></tr>
<tr>
<td title='TestNGAnnotations.TestNGInvocationCountTest.sum()'><b>sum</b><br>Test class: TestNGAnnotations.TestNGInvocationCountTest</td>
<td></td>
<td>0</td>
<td>TestNGAnnotations.TestNGInvocationCountTest@32709393</td></tr>
<tr>
<td title='TestNGAnnotations.TestNGInvocationCountTest.sum()'><b>sum</b><br>Test class: TestNGAnnotations.TestNGInvocationCountTest</td>
<td></td>
<td>0</td>
<td>TestNGAnnotations.TestNGInvocationCountTest@32709393</td></tr>
<tr>
<td title='TestNGAnnotations.TestNGInvocationCountTest.sum()'><b>sum</b><br>Test class: TestNGAnnotations.TestNGInvocationCountTest</td>
<td></td>
<td>0</td>
<td>TestNGAnnotations.TestNGInvocationCountTest@32709393</td></tr>
<tr>
<td title='TestNGAnnotations.TestNGInvocationCountTest.sum()'><b>sum</b><br>Test class: TestNGAnnotations.TestNGInvocationCountTest</td>
<td></td>
<td>0</td>
<td>TestNGAnnotations.TestNGInvocationCountTest@32709393</td></tr>
<tr>
<td title='TestNGAnnotations.TestNGInvocationCountTest.sum()'><b>sum</b><br>Test class: TestNGAnnotations.TestNGInvocationCountTest</td>
<td></td>
<td>0</td>
<td>TestNGAnnotations.TestNGInvocationCountTest@32709393</td></tr>
<tr>
<td title='TestNGAnnotations.TestNGInvocationCountTest.sum()'><b>sum</b><br>Test class: TestNGAnnotations.TestNGInvocationCountTest</td>
<td></td>
<td>0</td>
<td>TestNGAnnotations.TestNGInvocationCountTest@32709393</td></tr>
<tr>
<td title='TestNGAnnotations.TestNGInvocationCountTest.sum()'><b>sum</b><br>Test class: TestNGAnnotations.TestNGInvocationCountTest</td>
<td></td>
<td>0</td>
<td>TestNGAnnotations.TestNGInvocationCountTest@32709393</td></tr>
<tr>
<td title='TestNGAnnotations.TestNGInvocationCountTest.sum()'><b>sum</b><br>Test class: TestNGAnnotations.TestNGInvocationCountTest</td>
<td></td>
<td>0</td>
<td>TestNGAnnotations.TestNGInvocationCountTest@32709393</td></tr>
<tr>
<td title='TestNGAnnotations.TestNGInvocationCountTest.sum()'><b>sum</b><br>Test class: TestNGAnnotations.TestNGInvocationCountTest</td>
<td></td>
<td>0</td>
<td>TestNGAnnotations.TestNGInvocationCountTest@32709393</td></tr>
<tr>
<td title='TestNGAnnotations.TestNGInvocationCountTest.sum()'><b>sum</b><br>Test class: TestNGAnnotations.TestNGInvocationCountTest</td>
<td></td>
<td>0</td>
<td>TestNGAnnotations.TestNGInvocationCountTest@32709393</td></tr>
<tr>
<td title='TestNGAnnotations.TestNGDiffAnno.test()'><b>test</b><br>Test class: TestNGAnnotations.TestNGDiffAnno</td>
<td></td>
<td>0</td>
<td>TestNGAnnotations.TestNGDiffAnno@551aa95a</td></tr>
<tr>
<td title='TestNGAnnotations.TestNGDiffAnno2.test1()'><b>test1</b><br>Test class: TestNGAnnotations.TestNGDiffAnno2</td>
<td></td>
<td>0</td>
<td>TestNGAnnotations.TestNGDiffAnno2@35d176f7</td></tr>
<tr>
<td title='TestNGAnnotations.TestNGDiffAnnoWithAsserts.test1()'><b>test1</b><br>Test class: TestNGAnnotations.TestNGDiffAnnoWithAsserts</td>
<td></td>
<td>0</td>
<td>TestNGAnnotations.TestNGDiffAnnoWithAsserts@1dfe2924</td></tr>
<tr>
<td title='TestNGAnnotations.TestNGDiffAnnoWithGroupTestCases.test1()'><b>test1</b><br>Test class: TestNGAnnotations.TestNGDiffAnnoWithGroupTestCases</td>
<td></td>
<td>0</td>
<td>TestNGAnnotations.TestNGDiffAnnoWithGroupTestCases@6ebc05a6</td></tr>
<tr>
<td title='TestNGAnnotations.TestNGDiffAnnoWithPriority.test1()'><b>test1</b><br>Test class: TestNGAnnotations.TestNGDiffAnnoWithPriority</td>
<td></td>
<td>0</td>
<td>TestNGAnnotations.TestNGDiffAnnoWithPriority@6e6c3152</td></tr>
<tr>
<td title='TestNGAnnotations.TestNGDiffAnno2.test2()'><b>test2</b><br>Test class: TestNGAnnotations.TestNGDiffAnno2</td>
<td></td>
<td>0</td>
<td>TestNGAnnotations.TestNGDiffAnno2@35d176f7</td></tr>
<tr>
<td title='TestNGAnnotations.TestNGDiffAnnoWithAsserts.test2()'><b>test2</b><br>Test class: TestNGAnnotations.TestNGDiffAnnoWithAsserts</td>
<td></td>
<td>0</td>
<td>TestNGAnnotations.TestNGDiffAnnoWithAsserts@1dfe2924</td></tr>
<tr>
<td title='TestNGAnnotations.TestNGDiffAnnoWithGroupTestCases.test2()'><b>test2</b><br>Test class: TestNGAnnotations.TestNGDiffAnnoWithGroupTestCases</td>
<td></td>
<td>0</td>
<td>TestNGAnnotations.TestNGDiffAnnoWithGroupTestCases@6ebc05a6</td></tr>
<tr>
<td title='TestNGAnnotations.TestNGDiffAnnoWithPriority.test2()'><b>test2</b><br>Test class: TestNGAnnotations.TestNGDiffAnnoWithPriority</td>
<td></td>
<td>0</td>
<td>TestNGAnnotations.TestNGDiffAnnoWithPriority@6e6c3152</td></tr>
<tr>
<td title='TestNGAnnotations.TestNGDiffAnno2.test3()'><b>test3</b><br>Test class: TestNGAnnotations.TestNGDiffAnno2</td>
<td></td>
<td>0</td>
<td>TestNGAnnotations.TestNGDiffAnno2@35d176f7</td></tr>
<tr>
<td title='TestNGAnnotations.TestNGDiffAnnoWithAsserts.test3()'><b>test3</b><br>Test class: TestNGAnnotations.TestNGDiffAnnoWithAsserts</td>
<td></td>
<td>0</td>
<td>TestNGAnnotations.TestNGDiffAnnoWithAsserts@1dfe2924</td></tr>
<tr>
<td title='TestNGAnnotations.TestNGDiffAnnoWithGroupTestCases.test3()'><b>test3</b><br>Test class: TestNGAnnotations.TestNGDiffAnnoWithGroupTestCases</td>
<td></td>
<td>0</td>
<td>TestNGAnnotations.TestNGDiffAnnoWithGroupTestCases@6ebc05a6</td></tr>
<tr>
<td title='TestNGAnnotations.TestNGDiffAnnoWithPriority.test3()'><b>test3</b><br>Test class: TestNGAnnotations.TestNGDiffAnnoWithPriority</td>
<td></td>
<td>0</td>
<td>TestNGAnnotations.TestNGDiffAnnoWithPriority@6e6c3152</td></tr>
<tr>
<td title='TestNGAnnotations.TestNGDiffAnnoWithAsserts.test4()'><b>test4</b><br>Test class: TestNGAnnotations.TestNGDiffAnnoWithAsserts</td>
<td></td>
<td>0</td>
<td>TestNGAnnotations.TestNGDiffAnnoWithAsserts@1dfe2924</td></tr>
</table><p>
<table width='100%' border='1' class='invocation-skipped'>
<tr><td colspan='4' align='center'><b>SKIPPED TESTS</b></td></tr>
<tr><td><b>Test method</b></td>
<td width="30%"><b>Exception</b></td>
<td width="10%"><b>Time (seconds)</b></td>
<td><b>Instance</b></td>
</tr>
<tr>
<td title='TestNGAnnotations.TestNGDependsOnMethods.homePageTest()'><b>homePageTest</b><br>Test class: TestNGAnnotations.TestNGDependsOnMethods</td>
<td><div><pre>java.lang.Throwable: Method TestNGDependsOnMethods.homePageTest()[pri:0, instance:TestNGAnnotations.TestNGDependsOnMethods@50b494a6] depends on not successfully finished methods
	at java.util.ArrayList.forEach(Unknown Source)
... Removed 18 stack frames</pre></div><a href='#' onClick='toggleBox("stack-trace282828951", this, "Click to show all stack frames", "Click to hide stack frames")'>Click to show all stack frames</a>
<div class='stack-trace' id='stack-trace282828951'><pre>java.lang.Throwable: Method TestNGDependsOnMethods.homePageTest()[pri:0, instance:TestNGAnnotations.TestNGDependsOnMethods@50b494a6] depends on not successfully finished methods
	at org.testng.internal.TestInvoker.invokeTestMethods(TestInvoker.java:102)
	at org.testng.internal.TestMethodWorker.invokeTestMethods(TestMethodWorker.java:146)
	at org.testng.internal.TestMethodWorker.run(TestMethodWorker.java:128)
	at java.util.ArrayList.forEach(Unknown Source)
	at org.testng.TestRunner.privateRun(TestRunner.java:764)
	at org.testng.TestRunner.run(TestRunner.java:585)
	at org.testng.SuiteRunner.runTest(SuiteRunner.java:384)
	at org.testng.SuiteRunner.runSequentially(SuiteRunner.java:378)
	at org.testng.SuiteRunner.privateRun(SuiteRunner.java:337)
	at org.testng.SuiteRunner.run(SuiteRunner.java:286)
	at org.testng.SuiteRunnerWorker.runSuite(SuiteRunnerWorker.java:53)
	at org.testng.SuiteRunnerWorker.run(SuiteRunnerWorker.java:96)
	at org.testng.TestNG.runSuitesSequentially(TestNG.java:1218)
	at org.testng.TestNG.runSuitesLocally(TestNG.java:1140)
	at org.testng.TestNG.runSuites(TestNG.java:1069)
	at org.testng.TestNG.run(TestNG.java:1037)
	at org.testng.remote.AbstractRemoteTestNG.run(AbstractRemoteTestNG.java:115)
	at org.testng.remote.RemoteTestNG.initAndRun(RemoteTestNG.java:251)
	at org.testng.remote.RemoteTestNG.main(RemoteTestNG.java:77)
</pre></div></td>
<td>0</td>
<td>TestNGAnnotations.TestNGDependsOnMethods@50b494a6</td></tr>
</table><p>
</body>
</html>